0 info it worked if it ends with ok
1 verbose cli [ 'C:\\Program Files\\nodejs\\node.exe',
1 verbose cli   'C:\\Users\\Verma Pankaj\\AppData\\Roaming\\npm\\node_modules\\npm\\bin\\npm-cli.js',
1 verbose cli   'run',
1 verbose cli   'fix-memory-limit' ]
2 info using npm@3.8.9
3 info using node@v8.9.4
4 verbose run-script [ 'prefix-memory-limit',
4 verbose run-script   'fix-memory-limit',
4 verbose run-script   'postfix-memory-limit' ]
5 info lifecycle chatapp@1.0.0~prefix-memory-limit: chatapp@1.0.0
6 silly lifecycle chatapp@1.0.0~prefix-memory-limit: no script for prefix-memory-limit, continuing
7 info lifecycle chatapp@1.0.0~fix-memory-limit: chatapp@1.0.0
8 verbose lifecycle chatapp@1.0.0~fix-memory-limit: unsafe-perm in lifecycle true
9 verbose lifecycle chatapp@1.0.0~fix-memory-limit: PATH: C:\Users\Verma Pankaj\AppData\Roaming\npm\node_modules\npm\bin\node-gyp-bin;C:\Users\Verma Pankaj\Desktop\projects\kudagara\node_modules\.bin;C:\Program Files\nodejs;C:\WINDOWS\system32;C:\WINDOWS;C:\WINDOWS\System32\Wbem;C:\WINDOWS\System32\WindowsPowerShell\v1.0\;C:\Users\Verma Pankaj\AppData\Roaming\nvm;C:\Program Files\nodejs;C:\Program Files\Git\cmd;C:\Program Files\nodejs\;C:\Users\Verma Pankaj\AppData\Local\Microsoft\WindowsApps;C:\Users\Verma Pankaj\AppData\Roaming\nvm;C:\Program Files\nodejs;C:\Program Files\Microsoft VS Code\bin;C:\Program Files\Heroku\bin;C:\Users\Verma Pankaj\AppData\Local\Android\sdk\platforn-tools;C:\Users\Verma Pankaj\AppData\Roaming\npm
10 verbose lifecycle chatapp@1.0.0~fix-memory-limit: CWD: C:\Users\Verma Pankaj\Desktop\projects\kudagara
11 silly lifecycle chatapp@1.0.0~fix-memory-limit: Args: [ '/d /s /c', 'cross-env LIMIT=2048 increase-memory-limit' ]
12 silly lifecycle chatapp@1.0.0~fix-memory-limit: Returned: code: 1  signal: null
13 info lifecycle chatapp@1.0.0~fix-memory-limit: Failed to exec fix-memory-limit script
14 verbose stack Error: chatapp@1.0.0 fix-memory-limit: `cross-env LIMIT=2048 increase-memory-limit`
14 verbose stack Exit status 1
14 verbose stack     at EventEmitter.<anonymous> (C:\Users\Verma Pankaj\AppData\Roaming\npm\node_modules\npm\lib\utils\lifecycle.js:245:16)
14 verbose stack     at emitTwo (events.js:126:13)
14 verbose stack     at EventEmitter.emit (events.js:214:7)
14 verbose stack     at ChildProcess.<anonymous> (C:\Users\Verma Pankaj\AppData\Roaming\npm\node_modules\npm\lib\utils\spawn.js:24:14)
14 verbose stack     at emitTwo (events.js:126:13)
14 verbose stack     at ChildProcess.emit (events.js:214:7)
14 verbose stack     at maybeClose (internal/child_process.js:925:16)
14 verbose stack     at Process.ChildProcess._handle.onexit (internal/child_process.js:209:5)
15 verbose pkgid chatapp@1.0.0
16 verbose cwd C:\Users\Verma Pankaj\Desktop\projects\kudagara
17 error Windows_NT 10.0.15063
18 error argv "C:\\Program Files\\nodejs\\node.exe" "C:\\Users\\Verma Pankaj\\AppData\\Roaming\\npm\\node_modules\\npm\\bin\\npm-cli.js" "run" "fix-memory-limit"
19 error node v8.9.4
20 error npm  v3.8.9
21 error code ELIFECYCLE
22 error chatapp@1.0.0 fix-memory-limit: `cross-env LIMIT=2048 increase-memory-limit`
22 error Exit status 1
23 error Failed at the chatapp@1.0.0 fix-memory-limit script 'cross-env LIMIT=2048 increase-memory-limit'.
23 error Make sure you have the latest version of node.js and npm installed.
23 error If you do, this is most likely a problem with the chatapp package,
23 error not with npm itself.
23 error Tell the author that this fails on your system:
23 error     cross-env LIMIT=2048 increase-memory-limit
23 error You can get information on how to open an issue for this project with:
23 error     npm bugs chatapp
23 error Or if that isn't available, you can get their info via:
23 error     npm owner ls chatapp
23 error There is likely additional logging output above.
24 verbose exit [ 1, true ]
